2025-12-11 12:20:00,590 - DEBUG: Using proactor: IocpProactor
2025-12-11 12:20:00,679 - INFO: server listening on 0.0.0.0:20200
2025-12-11 12:20:00,679 - INFO: Server running.
2025-12-11 12:20:30,456 - DEBUG: = connection is CONNECTING
2025-12-11 12:20:30,457 - DEBUG: < GET / HTTP/1.1
2025-12-11 12:20:30,457 - DEBUG: < Host: 192.168.1.25:20200
2025-12-11 12:20:30,457 - DEBUG: < Upgrade: websocket
2025-12-11 12:20:30,457 - DEBUG: < Connection: Upgrade
2025-12-11 12:20:30,457 - DEBUG: < Sec-WebSocket-Key: Fuve28vcZCQNaRiRx8Or+w==
2025-12-11 12:20:30,457 - DEBUG: < Sec-WebSocket-Version: 13
2025-12-11 12:20:30,458 - DEBUG: < Sec-WebSocket-Extensions: permessage-deflate; client_max_window_bits
2025-12-11 12:20:30,458 - DEBUG: < User-Agent: Python/3.12 websockets/15.0.1
2025-12-11 12:20:30,459 - DEBUG: > HTTP/1.1 101 Switching Protocols
2025-12-11 12:20:30,459 - DEBUG: > Date: Thu, 11 Dec 2025 11:20:30 GMT
2025-12-11 12:20:30,459 - DEBUG: > Upgrade: websocket
2025-12-11 12:20:30,459 - DEBUG: > Connection: Upgrade
2025-12-11 12:20:30,459 - DEBUG: > Sec-WebSocket-Accept: xZ4IytzAuocza29XYkIBNqa0O3k=
2025-12-11 12:20:30,459 - DEBUG: > Sec-WebSocket-Extensions: permessage-deflate; server_max_window_bits=12; client_max_window_bits=12
2025-12-11 12:20:30,459 - DEBUG: > Server: Python/3.12 websockets/15.0.1
2025-12-11 12:20:30,459 - DEBUG: = connection is OPEN
2025-12-11 12:20:30,459 - INFO: connection open
2025-12-11 12:20:30,459 - INFO: Client connected: <websockets.asyncio.server.ServerConnection object at 0x0000026030DB0CB0>
2025-12-11 12:20:30,459 - INFO: Connected clients: 1
2025-12-11 12:20:30,459 - INFO: User: User_1765452030.459796
2025-12-11 12:20:30,460 - DEBUG: > TEXT '{"action": "roomsList", "rooms": ["default"]}' [45 bytes]
2025-12-11 12:20:30,460 - DEBUG: < TEXT '{"action": "identify", "payload": {"username": "niels"}}' [56 bytes]
2025-12-11 12:20:30,900 - DEBUG: < TEXT '{"action": "roomsList"}' [23 bytes]
2025-12-11 12:20:30,900 - DEBUG: > TEXT '{"action": "roomsList", "rooms": ["default"]}' [45 bytes]
2025-12-11 12:20:50,437 - DEBUG: < PING 3a c1 6f ea [binary, 4 bytes]
2025-12-11 12:20:50,437 - DEBUG: > PONG 3a c1 6f ea [binary, 4 bytes]
2025-12-11 12:20:50,437 - DEBUG: > PING a0 c1 90 3a [binary, 4 bytes]
2025-12-11 12:20:50,438 - DEBUG: % sent keepalive ping
2025-12-11 12:20:50,438 - DEBUG: < PONG a0 c1 90 3a [binary, 4 bytes]
2025-12-11 12:20:50,438 - DEBUG: % received keepalive pong
2025-12-11 12:20:51,742 - DEBUG: < TEXT '{"room": "test", "action": "createRoom"}' [40 bytes]
2025-12-11 12:20:51,743 - INFO: Created room: test
2025-12-11 12:20:51,743 - DEBUG: > TEXT '{"action": "roomsList", "rooms": ["default", "test"]}' [53 bytes]
2025-12-11 12:20:54,847 - DEBUG: < TEXT '{"room": "test", "action": "joinRoom"}' [38 bytes]
2025-12-11 12:20:54,847 - DEBUG: > TEXT '{"action": "joined", "payload": {"room": "test"}}' [49 bytes]
2025-12-11 12:20:58,029 - DEBUG: < TEXT '{"message": "hello", "room": "test", "action": "sendMessage"}' [61 bytes]
2025-12-11 12:20:58,030 - DEBUG: > TEXT '{"action": "message", "payload": {"from": "niel...", "message": "hello"}}' [87 bytes]
2025-12-11 12:21:03,067 - DEBUG: < TEXT '{"message": "\\ud83d\\udd25", "room": "test", "action": "sendMessage"}' [68 bytes]
2025-12-11 12:21:03,068 - DEBUG: > TEXT '{"action": "message", "payload": {"from": "niel...ge": "\\ud83d\\udd25"}}' [94 bytes]
2025-12-11 12:21:10,456 - DEBUG: > PING 86 fd a6 22 [binary, 4 bytes]
2025-12-11 12:21:10,456 - DEBUG: % sent keepalive ping
2025-12-11 12:21:10,456 - DEBUG: < PING 82 6b 3e 49 [binary, 4 bytes]
2025-12-11 12:21:10,456 - DEBUG: > PONG 82 6b 3e 49 [binary, 4 bytes]
2025-12-11 12:21:10,457 - DEBUG: < PONG 86 fd a6 22 [binary, 4 bytes]
2025-12-11 12:21:10,457 - DEBUG: % received keepalive pong
2025-12-11 12:21:14,132 - DEBUG: < EOF
2025-12-11 12:21:14,132 - DEBUG: > EOF
2025-12-11 12:21:14,132 - DEBUG: < EOF
2025-12-11 12:21:14,132 - DEBUG: = connection is CLOSED
2025-12-11 12:21:14,133 - ERROR: Error handling client: no close frame received or sent
Traceback (most recent call last):
  File "C:\Users\niels\AppData\Local\Programs\Python\Python312\Lib\asyncio\windows_events.py", line 462, in finish_socket_func
    return ov.getresult()
           ^^^^^^^^^^^^^^
OSError: [WinError 64] The specified network name is no longer available

During handling of the above exception, another exception occurred:

Traceback (most recent call last):
  File "C:\Users\niels\AppData\Local\Programs\Python\Python312\Lib\asyncio\proactor_events.py", line 286, in _loop_reading
    length = fut.result()
             ^^^^^^^^^^^^
  File "C:\Users\niels\AppData\Local\Programs\Python\Python312\Lib\asyncio\windows_events.py", line 803, in _poll
    value = callback(transferred, key, ov)
            ^^^^^^^^^^^^^^^^^^^^^^^^^^^^^^
  File "C:\Users\niels\AppData\Local\Programs\Python\Python312\Lib\asyncio\windows_events.py", line 466, in finish_socket_func
    raise ConnectionResetError(*exc.args)
ConnectionResetError: [WinError 64] The specified network name is no longer available

The above exception was the direct cause of the following exception:

Traceback (most recent call last):
  File "C:\Users\niels\OneDrive\Documents\Bac_2_Info\réseau\server_chat\server_chat\server.py", line 92, in handle_client
    async for raw in websocket:
  File "C:\Users\niels\OneDrive\Documents\Bac_2_Info\réseau\server_chat\server_chat\.venv\Lib\site-packages\websockets\asyncio\connection.py", line 242, in __aiter__
    yield await self.recv()
          ^^^^^^^^^^^^^^^^^
  File "C:\Users\niels\OneDrive\Documents\Bac_2_Info\réseau\server_chat\server_chat\.venv\Lib\site-packages\websockets\asyncio\connection.py", line 322, in recv
    raise self.protocol.close_exc from self.recv_exc
websockets.exceptions.ConnectionClosedError: no close frame received or sent
2025-12-11 12:21:14,168 - WARNING: Client disconnected.
