2025-12-10 20:26:06,420 - DEBUG: Using proactor: IocpProactor
2025-12-10 20:26:06,458 - INFO: server listening on 0.0.0.0:20200
2025-12-10 20:26:06,458 - INFO: Server running.
2025-12-10 20:26:54,299 - DEBUG: = connection is CONNECTING
2025-12-10 20:26:54,299 - DEBUG: < GET / HTTP/1.1
2025-12-10 20:26:54,299 - DEBUG: < Host: 10.74.154.158:20200
2025-12-10 20:26:54,299 - DEBUG: < Upgrade: websocket
2025-12-10 20:26:54,299 - DEBUG: < Connection: Upgrade
2025-12-10 20:26:54,299 - DEBUG: < Sec-WebSocket-Key: PIUDUwDancgCd9hBT9pT5w==
2025-12-10 20:26:54,299 - DEBUG: < Sec-WebSocket-Version: 13
2025-12-10 20:26:54,299 - DEBUG: < Sec-WebSocket-Extensions: permessage-deflate; client_max_window_bits
2025-12-10 20:26:54,299 - DEBUG: < User-Agent: Python/3.12 websockets/15.0.1
2025-12-10 20:26:54,299 - DEBUG: > HTTP/1.1 101 Switching Protocols
2025-12-10 20:26:54,299 - DEBUG: > Date: Wed, 10 Dec 2025 19:26:54 GMT
2025-12-10 20:26:54,299 - DEBUG: > Upgrade: websocket
2025-12-10 20:26:54,299 - DEBUG: > Connection: Upgrade
2025-12-10 20:26:54,299 - DEBUG: > Sec-WebSocket-Accept: WbFSaOi71Wa5q9kygjtu0aralLs=
2025-12-10 20:26:54,299 - DEBUG: > Sec-WebSocket-Extensions: permessage-deflate; server_max_window_bits=12; client_max_window_bits=12
2025-12-10 20:26:54,299 - DEBUG: > Server: Python/3.12 websockets/15.0.1
2025-12-10 20:26:54,299 - DEBUG: = connection is OPEN
2025-12-10 20:26:54,299 - INFO: connection open
2025-12-10 20:26:54,299 - INFO: Client connected: <websockets.asyncio.server.ServerConnection object at 0x000001AB8A5950A0>
2025-12-10 20:26:54,299 - INFO: Connected clients: 1
2025-12-10 20:26:54,299 - INFO: User: User_1765394814.299054
2025-12-10 20:26:54,299 - DEBUG: > TEXT '{"action": "roomsList", "rooms": ["default"]}' [45 bytes]
2025-12-10 20:26:54,315 - DEBUG: < TEXT '{"action": "identify", "payload": {"username": "LE bG nword"}}' [62 bytes]
2025-12-10 20:26:54,768 - DEBUG: < TEXT '{"action": "roomsList"}' [23 bytes]
2025-12-10 20:26:54,768 - DEBUG: > TEXT '{"action": "roomsList", "rooms": ["default"]}' [45 bytes]
2025-12-10 20:26:56,763 - DEBUG: = connection is CONNECTING
2025-12-10 20:26:56,763 - DEBUG: < GET / HTTP/1.1
2025-12-10 20:26:56,763 - DEBUG: < Host: 10.74.154.158:20200
2025-12-10 20:26:56,763 - DEBUG: < Upgrade: websocket
2025-12-10 20:26:56,763 - DEBUG: < Connection: Upgrade
2025-12-10 20:26:56,763 - DEBUG: < Sec-WebSocket-Key: wgpK+q3PfwBpjS72JggbYw==
2025-12-10 20:26:56,763 - DEBUG: < Sec-WebSocket-Version: 13
2025-12-10 20:26:56,763 - DEBUG: < Sec-WebSocket-Extensions: permessage-deflate; client_max_window_bits
2025-12-10 20:26:56,763 - DEBUG: < User-Agent: Python/3.12 websockets/15.0.1
2025-12-10 20:26:56,763 - DEBUG: > HTTP/1.1 101 Switching Protocols
2025-12-10 20:26:56,763 - DEBUG: > Date: Wed, 10 Dec 2025 19:26:56 GMT
2025-12-10 20:26:56,763 - DEBUG: > Upgrade: websocket
2025-12-10 20:26:56,763 - DEBUG: > Connection: Upgrade
2025-12-10 20:26:56,763 - DEBUG: > Sec-WebSocket-Accept: zwoSCv9tqK6jXGCabArzfFX6i/k=
2025-12-10 20:26:56,763 - DEBUG: > Sec-WebSocket-Extensions: permessage-deflate; server_max_window_bits=12; client_max_window_bits=12
2025-12-10 20:26:56,763 - DEBUG: > Server: Python/3.12 websockets/15.0.1
2025-12-10 20:26:56,763 - DEBUG: = connection is OPEN
2025-12-10 20:26:56,763 - INFO: connection open
2025-12-10 20:26:56,763 - INFO: Client connected: <websockets.asyncio.server.ServerConnection object at 0x000001AB8A5C6FC0>
2025-12-10 20:26:56,763 - INFO: Connected clients: 2
2025-12-10 20:26:56,763 - INFO: User: User_1765394816.763098
2025-12-10 20:26:56,763 - DEBUG: > TEXT '{"action": "roomsList", "rooms": ["default"]}' [45 bytes]
2025-12-10 20:26:56,763 - DEBUG: < TEXT '{"action": "identify", "payload": {"username": "Lorian"}}' [57 bytes]
2025-12-10 20:26:56,956 - DEBUG: < TEXT '{"room": "default", "action": "joinRoom"}' [41 bytes]
2025-12-10 20:26:56,956 - DEBUG: > TEXT '{"action": "joined", "payload": {"room": "default"}}' [52 bytes]
2025-12-10 20:26:57,268 - DEBUG: < TEXT '{"action": "roomsList"}' [23 bytes]
2025-12-10 20:26:57,269 - DEBUG: > TEXT '{"action": "roomsList", "rooms": ["default"]}' [45 bytes]
2025-12-10 20:27:01,605 - DEBUG: < TEXT '{"room": "caca", "action": "createRoom"}' [40 bytes]
2025-12-10 20:27:01,605 - INFO: Created room: caca
2025-12-10 20:27:01,605 - DEBUG: > TEXT '{"action": "roomsList", "rooms": ["default", "caca"]}' [53 bytes]
2025-12-10 20:27:01,605 - DEBUG: > TEXT '{"action": "roomsList", "rooms": ["default", "caca"]}' [53 bytes]
2025-12-10 20:27:03,498 - DEBUG: < TEXT '{"room": "caca", "action": "joinRoom"}' [38 bytes]
2025-12-10 20:27:03,498 - DEBUG: > TEXT '{"action": "joined", "payload": {"room": "caca"}}' [49 bytes]
2025-12-10 20:27:04,138 - DEBUG: < TEXT '{"room": "caca", "action": "joinRoom"}' [38 bytes]
2025-12-10 20:27:04,138 - DEBUG: > TEXT '{"action": "joined", "payload": {"room": "caca"}}' [49 bytes]
2025-12-10 20:27:10,156 - DEBUG: < TEXT '{"message": "coucou je mpl caca", "action": "sendMessage"}' [58 bytes]
2025-12-10 20:27:10,156 - DEBUG: > TEXT '{"action": "message", "payload": {"from": "LE b... "coucou je mpl caca"}}' [106 bytes]
2025-12-10 20:27:10,156 - DEBUG: > TEXT '{"action": "message", "payload": {"from": "LE b... "coucou je mpl caca"}}' [106 bytes]
2025-12-10 20:27:14,299 - DEBUG: > PING 80 ed 65 fa [binary, 4 bytes]
2025-12-10 20:27:14,299 - DEBUG: % sent keepalive ping
2025-12-10 20:27:14,331 - DEBUG: < PING 9a 2c b9 f7 [binary, 4 bytes]
2025-12-10 20:27:14,331 - DEBUG: > PONG 9a 2c b9 f7 [binary, 4 bytes]
2025-12-10 20:27:14,347 - DEBUG: < PONG 80 ed 65 fa [binary, 4 bytes]
2025-12-10 20:27:14,347 - DEBUG: % received keepalive pong
2025-12-10 20:27:16,769 - DEBUG: < PING 19 ba 88 c2 [binary, 4 bytes]
2025-12-10 20:27:16,769 - DEBUG: > PONG 19 ba 88 c2 [binary, 4 bytes]
2025-12-10 20:27:16,769 - DEBUG: > PING df a5 c5 14 [binary, 4 bytes]
2025-12-10 20:27:16,769 - DEBUG: % sent keepalive ping
2025-12-10 20:27:16,769 - DEBUG: < PONG df a5 c5 14 [binary, 4 bytes]
2025-12-10 20:27:16,769 - DEBUG: % received keepalive pong
2025-12-10 20:27:22,997 - DEBUG: < TEXT '{"message": "hey cv", "action": "sendMessage"}' [46 bytes]
2025-12-10 20:27:22,997 - DEBUG: > TEXT '{"action": "message", "payload": {"from": "Lori..., "message": "hey cv"}}' [89 bytes]
2025-12-10 20:27:22,997 - DEBUG: > TEXT '{"action": "message", "payload": {"from": "Lori..., "message": "hey cv"}}' [89 bytes]
2025-12-10 20:27:25,411 - DEBUG: < EOF
2025-12-10 20:27:25,411 - DEBUG: > EOF
2025-12-10 20:27:25,411 - DEBUG: < EOF
2025-12-10 20:27:25,411 - DEBUG: = connection is CLOSED
2025-12-10 20:27:25,411 - ERROR: Error handling client: no close frame received or sent
Traceback (most recent call last):
  File "C:\Users\loher\AppData\Local\Programs\Python\Python312\Lib\asyncio\windows_events.py", line 462, in finish_socket_func
    return ov.getresult()
           ^^^^^^^^^^^^^^
OSError: [WinError 64] Le nom réseau spécifié n’est plus disponible

During handling of the above exception, another exception occurred:

Traceback (most recent call last):
  File "C:\Users\loher\AppData\Local\Programs\Python\Python312\Lib\asyncio\proactor_events.py", line 286, in _loop_reading
    length = fut.result()
             ^^^^^^^^^^^^
  File "C:\Users\loher\AppData\Local\Programs\Python\Python312\Lib\asyncio\windows_events.py", line 803, in _poll
    value = callback(transferred, key, ov)
            ^^^^^^^^^^^^^^^^^^^^^^^^^^^^^^
  File "C:\Users\loher\AppData\Local\Programs\Python\Python312\Lib\asyncio\windows_events.py", line 466, in finish_socket_func
    raise ConnectionResetError(*exc.args)
ConnectionResetError: [WinError 64] Le nom réseau spécifié n’est plus disponible

The above exception was the direct cause of the following exception:

Traceback (most recent call last):
  File "c:\Users\loher\OneDrive\Bureau\COURS\2ieme\Réseaux\projet_chat\server.py", line 92, in handle_client
    async for raw in websocket:
  File "C:\Users\loher\OneDrive\Bureau\COURS\2ieme\Réseaux\projet_chat\.venv\Lib\site-packages\websockets\asyncio\connection.py", line 242, in __aiter__
    yield await self.recv()
          ^^^^^^^^^^^^^^^^^
  File "C:\Users\loher\OneDrive\Bureau\COURS\2ieme\Réseaux\projet_chat\.venv\Lib\site-packages\websockets\asyncio\connection.py", line 322, in recv
    raise self.protocol.close_exc from self.recv_exc
websockets.exceptions.ConnectionClosedError: no close frame received or sent
2025-12-10 20:27:25,411 - WARNING: Client disconnected.
2025-12-10 20:27:36,778 - DEBUG: > PING bb 20 6a 8b [binary, 4 bytes]
2025-12-10 20:27:36,778 - DEBUG: % sent keepalive ping
2025-12-10 20:27:36,778 - DEBUG: < PING 6e de c5 5b [binary, 4 bytes]
2025-12-10 20:27:36,778 - DEBUG: > PONG 6e de c5 5b [binary, 4 bytes]
2025-12-10 20:27:36,778 - DEBUG: < PONG bb 20 6a 8b [binary, 4 bytes]
2025-12-10 20:27:36,778 - DEBUG: % received keepalive pong
2025-12-10 20:27:41,151 - DEBUG: < EOF
2025-12-10 20:27:41,151 - DEBUG: > EOF
2025-12-10 20:27:41,151 - DEBUG: < EOF
2025-12-10 20:27:41,151 - DEBUG: = connection is CLOSED
2025-12-10 20:27:41,151 - ERROR: Error handling client: no close frame received or sent
Traceback (most recent call last):
  File "C:\Users\loher\AppData\Local\Programs\Python\Python312\Lib\asyncio\windows_events.py", line 462, in finish_socket_func
    return ov.getresult()
           ^^^^^^^^^^^^^^
OSError: [WinError 64] Le nom réseau spécifié n’est plus disponible

During handling of the above exception, another exception occurred:

Traceback (most recent call last):
  File "C:\Users\loher\AppData\Local\Programs\Python\Python312\Lib\asyncio\proactor_events.py", line 286, in _loop_reading
    length = fut.result()
             ^^^^^^^^^^^^
  File "C:\Users\loher\AppData\Local\Programs\Python\Python312\Lib\asyncio\windows_events.py", line 803, in _poll
    value = callback(transferred, key, ov)
            ^^^^^^^^^^^^^^^^^^^^^^^^^^^^^^
  File "C:\Users\loher\AppData\Local\Programs\Python\Python312\Lib\asyncio\windows_events.py", line 466, in finish_socket_func
    raise ConnectionResetError(*exc.args)
ConnectionResetError: [WinError 64] Le nom réseau spécifié n’est plus disponible

The above exception was the direct cause of the following exception:

Traceback (most recent call last):
  File "c:\Users\loher\OneDrive\Bureau\COURS\2ieme\Réseaux\projet_chat\server.py", line 92, in handle_client
    async for raw in websocket:
  File "C:\Users\loher\OneDrive\Bureau\COURS\2ieme\Réseaux\projet_chat\.venv\Lib\site-packages\websockets\asyncio\connection.py", line 242, in __aiter__
    yield await self.recv()
          ^^^^^^^^^^^^^^^^^
  File "C:\Users\loher\OneDrive\Bureau\COURS\2ieme\Réseaux\projet_chat\.venv\Lib\site-packages\websockets\asyncio\connection.py", line 322, in recv
    raise self.protocol.close_exc from self.recv_exc
websockets.exceptions.ConnectionClosedError: no close frame received or sent
2025-12-10 20:27:41,154 - WARNING: Client disconnected.
2025-12-10 20:33:15,497 - DEBUG: = connection is CONNECTING
2025-12-10 20:33:15,497 - DEBUG: < GET / HTTP/1.1
2025-12-10 20:33:15,497 - DEBUG: < Host: 10.74.154.158:20200
2025-12-10 20:33:15,497 - DEBUG: < Upgrade: websocket
2025-12-10 20:33:15,497 - DEBUG: < Connection: Upgrade
2025-12-10 20:33:15,497 - DEBUG: < Sec-WebSocket-Key: FJ10eZmTBMDU6GoZUk82sQ==
2025-12-10 20:33:15,497 - DEBUG: < Sec-WebSocket-Version: 13
2025-12-10 20:33:15,497 - DEBUG: < Sec-WebSocket-Extensions: permessage-deflate; client_max_window_bits
2025-12-10 20:33:15,497 - DEBUG: < User-Agent: Python/3.12 websockets/15.0.1
2025-12-10 20:33:15,497 - DEBUG: > HTTP/1.1 101 Switching Protocols
2025-12-10 20:33:15,497 - DEBUG: > Date: Wed, 10 Dec 2025 19:33:15 GMT
2025-12-10 20:33:15,497 - DEBUG: > Upgrade: websocket
2025-12-10 20:33:15,497 - DEBUG: > Connection: Upgrade
2025-12-10 20:33:15,497 - DEBUG: > Sec-WebSocket-Accept: NIVH+hjS8aGKWhLX6A5B/UdDhzE=
2025-12-10 20:33:15,497 - DEBUG: > Sec-WebSocket-Extensions: permessage-deflate; server_max_window_bits=12; client_max_window_bits=12
2025-12-10 20:33:15,497 - DEBUG: > Server: Python/3.12 websockets/15.0.1
2025-12-10 20:33:15,497 - DEBUG: = connection is OPEN
2025-12-10 20:33:15,497 - INFO: connection open
2025-12-10 20:33:15,497 - INFO: Client connected: <websockets.asyncio.server.ServerConnection object at 0x000001AB8A5C7440>
2025-12-10 20:33:15,497 - INFO: Connected clients: 1
2025-12-10 20:33:15,497 - INFO: User: User_1765395195.497277
2025-12-10 20:33:15,497 - DEBUG: > TEXT '{"action": "roomsList", "rooms": ["default", "caca"]}' [53 bytes]
2025-12-10 20:33:15,497 - DEBUG: < TEXT '{"action": "identify", "payload": {"username": "Lorian"}}' [57 bytes]
2025-12-10 20:33:15,998 - DEBUG: < TEXT '{"action": "roomsList"}' [23 bytes]
2025-12-10 20:33:15,998 - DEBUG: > TEXT '{"action": "roomsList", "rooms": ["default", "caca"]}' [53 bytes]
2025-12-10 20:33:18,967 - DEBUG: = connection is CONNECTING
2025-12-10 20:33:18,967 - DEBUG: < GET / HTTP/1.1
2025-12-10 20:33:18,967 - DEBUG: < Host: 10.74.154.158:20200
2025-12-10 20:33:18,967 - DEBUG: < Upgrade: websocket
2025-12-10 20:33:18,967 - DEBUG: < Connection: Upgrade
2025-12-10 20:33:18,967 - DEBUG: < Sec-WebSocket-Key: WSzKrQdykv0k5IxV31oKFw==
2025-12-10 20:33:18,967 - DEBUG: < Sec-WebSocket-Version: 13
2025-12-10 20:33:18,967 - DEBUG: < Sec-WebSocket-Extensions: permessage-deflate; client_max_window_bits
2025-12-10 20:33:18,967 - DEBUG: < User-Agent: Python/3.12 websockets/15.0.1
2025-12-10 20:33:18,967 - DEBUG: > HTTP/1.1 101 Switching Protocols
2025-12-10 20:33:18,967 - DEBUG: > Date: Wed, 10 Dec 2025 19:33:18 GMT
2025-12-10 20:33:18,967 - DEBUG: > Upgrade: websocket
2025-12-10 20:33:18,967 - DEBUG: > Connection: Upgrade
2025-12-10 20:33:18,967 - DEBUG: > Sec-WebSocket-Accept: JevdWsQL1GjTFcm8xEZ1d2fBDew=
2025-12-10 20:33:18,967 - DEBUG: > Sec-WebSocket-Extensions: permessage-deflate; server_max_window_bits=12; client_max_window_bits=12
2025-12-10 20:33:18,967 - DEBUG: > Server: Python/3.12 websockets/15.0.1
2025-12-10 20:33:18,967 - DEBUG: = connection is OPEN
2025-12-10 20:33:18,967 - INFO: connection open
2025-12-10 20:33:18,967 - INFO: Client connected: <websockets.asyncio.server.ServerConnection object at 0x000001AB8A6102F0>
2025-12-10 20:33:18,967 - INFO: Connected clients: 2
2025-12-10 20:33:18,967 - INFO: User: User_1765395198.967129
2025-12-10 20:33:18,967 - DEBUG: > TEXT '{"action": "roomsList", "rooms": ["default", "caca"]}' [53 bytes]
2025-12-10 20:33:18,985 - DEBUG: < TEXT '{"action": "identify", "payload": {"username": "le n"}}' [55 bytes]
2025-12-10 20:33:19,474 - DEBUG: < TEXT '{"action": "roomsList"}' [23 bytes]
2025-12-10 20:33:19,474 - DEBUG: > TEXT '{"action": "roomsList", "rooms": ["default", "caca"]}' [53 bytes]
2025-12-10 20:33:20,838 - DEBUG: < TEXT '{"room": "caca", "action": "joinRoom"}' [38 bytes]
2025-12-10 20:33:20,838 - DEBUG: > TEXT '{"action": "joined", "payload": {"room": "caca"}}' [49 bytes]
2025-12-10 20:33:22,830 - DEBUG: < TEXT '{"room": "caca", "action": "joinRoom"}' [38 bytes]
2025-12-10 20:33:22,830 - DEBUG: > TEXT '{"action": "joined", "payload": {"room": "caca"}}' [49 bytes]
2025-12-10 20:33:26,181 - DEBUG: < TEXT '{"message": "caca", "action": "sendMessage"}' [44 bytes]
2025-12-10 20:33:26,181 - DEBUG: > TEXT '{"action": "message", "payload": {"from": "le n...a", "message": "caca"}}' [85 bytes]
2025-12-10 20:33:26,181 - DEBUG: > TEXT '{"action": "message", "payload": {"from": "le n...a", "message": "caca"}}' [85 bytes]
2025-12-10 20:33:30,278 - DEBUG: < TEXT '{"message": "Ouais ouais zizi", "action": "sendMessage"}' [56 bytes]
2025-12-10 20:33:30,278 - DEBUG: > TEXT '{"action": "message", "payload": {"from": "Lori...": "Ouais ouais zizi"}}' [99 bytes]
2025-12-10 20:33:30,278 - DEBUG: > TEXT '{"action": "message", "payload": {"from": "Lori...": "Ouais ouais zizi"}}' [99 bytes]
2025-12-10 20:33:35,501 - DEBUG: > PING d9 e5 19 58 [binary, 4 bytes]
2025-12-10 20:33:35,501 - DEBUG: % sent keepalive ping
2025-12-10 20:33:35,501 - DEBUG: < PING ef 2e 4d 29 [binary, 4 bytes]
2025-12-10 20:33:35,501 - DEBUG: > PONG ef 2e 4d 29 [binary, 4 bytes]
2025-12-10 20:33:35,501 - DEBUG: < PONG d9 e5 19 58 [binary, 4 bytes]
2025-12-10 20:33:35,501 - DEBUG: % received keepalive pong
2025-12-10 20:33:38,976 - DEBUG: > PING b4 6a 03 e5 [binary, 4 bytes]
2025-12-10 20:33:38,976 - DEBUG: % sent keepalive ping
2025-12-10 20:33:38,976 - DEBUG: < PONG b4 6a 03 e5 [binary, 4 bytes]
2025-12-10 20:33:38,976 - DEBUG: < PING 40 0a f7 f4 [binary, 4 bytes]
2025-12-10 20:33:38,976 - DEBUG: > PONG 40 0a f7 f4 [binary, 4 bytes]
2025-12-10 20:33:38,976 - DEBUG: % received keepalive pong
2025-12-10 20:33:55,491 - DEBUG: > PING a3 e2 ef dc [binary, 4 bytes]
2025-12-10 20:33:55,491 - DEBUG: % sent keepalive ping
2025-12-10 20:33:55,491 - DEBUG: < PING 95 a7 ba 4f [binary, 4 bytes]
2025-12-10 20:33:55,491 - DEBUG: > PONG 95 a7 ba 4f [binary, 4 bytes]
2025-12-10 20:33:55,491 - DEBUG: < PONG a3 e2 ef dc [binary, 4 bytes]
2025-12-10 20:33:55,491 - DEBUG: % received keepalive pong
2025-12-10 20:33:58,978 - DEBUG: > PING 5b 78 4e f3 [binary, 4 bytes]
2025-12-10 20:33:58,978 - DEBUG: % sent keepalive ping
2025-12-10 20:33:58,989 - DEBUG: < PONG 5b 78 4e f3 [binary, 4 bytes]
2025-12-10 20:33:58,989 - DEBUG: < PING 6e 58 2d 8c [binary, 4 bytes]
2025-12-10 20:33:58,989 - DEBUG: > PONG 6e 58 2d 8c [binary, 4 bytes]
2025-12-10 20:33:58,989 - DEBUG: % received keepalive pong
2025-12-10 20:34:11,213 - DEBUG: < TEXT '{"action": "leaveRoom"}' [23 bytes]
2025-12-10 20:34:11,213 - INFO: Client left room and joined default.
2025-12-10 20:34:11,213 - DEBUG: > TEXT '{"action": "left", "payload": {"room": "default"}}' [50 bytes]
2025-12-10 20:34:15,504 - DEBUG: > PING b4 bd 78 de [binary, 4 bytes]
2025-12-10 20:34:15,504 - DEBUG: % sent keepalive ping
2025-12-10 20:34:15,504 - DEBUG: < PING d3 0e 34 b7 [binary, 4 bytes]
2025-12-10 20:34:15,504 - DEBUG: > PONG d3 0e 34 b7 [binary, 4 bytes]
2025-12-10 20:34:15,504 - DEBUG: < PONG b4 bd 78 de [binary, 4 bytes]
2025-12-10 20:34:15,504 - DEBUG: % received keepalive pong
2025-12-10 20:34:15,593 - DEBUG: < TEXT '{"message": "f", "action": "sendMessage"}' [41 bytes]
2025-12-10 20:34:15,593 - DEBUG: > TEXT '{"action": "message", "payload": {"from": "le n...ault", "message": "f"}}' [85 bytes]
2025-12-10 20:34:18,999 - DEBUG: > PING 44 0a f5 43 [binary, 4 bytes]
2025-12-10 20:34:18,999 - DEBUG: % sent keepalive ping
2025-12-10 20:34:19,033 - DEBUG: < PING "\x17\x19>'" [text, 4 bytes]
2025-12-10 20:34:19,033 - DEBUG: > PONG "\x17\x19>'" [text, 4 bytes]
2025-12-10 20:34:19,040 - DEBUG: < PONG 44 0a f5 43 [binary, 4 bytes]
2025-12-10 20:34:19,040 - DEBUG: % received keepalive pong
2025-12-10 20:34:27,051 - DEBUG: < TEXT '{"newUsername": "le big n", "action": "rename"}' [47 bytes]
2025-12-10 20:34:28,981 - DEBUG: < TEXT '{"message": "f", "action": "sendMessage"}' [41 bytes]
2025-12-10 20:34:28,981 - DEBUG: > TEXT '{"action": "message", "payload": {"from": "le b...ault", "message": "f"}}' [89 bytes]
2025-12-10 20:34:31,553 - DEBUG: < EOF
2025-12-10 20:34:31,553 - DEBUG: > EOF
2025-12-10 20:34:31,553 - DEBUG: < EOF
2025-12-10 20:34:31,553 - DEBUG: = connection is CLOSED
2025-12-10 20:34:31,553 - ERROR: Error handling client: no close frame received or sent
Traceback (most recent call last):
  File "C:\Users\loher\AppData\Local\Programs\Python\Python312\Lib\asyncio\windows_events.py", line 462, in finish_socket_func
    return ov.getresult()
           ^^^^^^^^^^^^^^
OSError: [WinError 64] Le nom réseau spécifié n’est plus disponible

During handling of the above exception, another exception occurred:

Traceback (most recent call last):
  File "C:\Users\loher\AppData\Local\Programs\Python\Python312\Lib\asyncio\proactor_events.py", line 286, in _loop_reading
    length = fut.result()
             ^^^^^^^^^^^^
  File "C:\Users\loher\AppData\Local\Programs\Python\Python312\Lib\asyncio\windows_events.py", line 803, in _poll
    value = callback(transferred, key, ov)
            ^^^^^^^^^^^^^^^^^^^^^^^^^^^^^^
  File "C:\Users\loher\AppData\Local\Programs\Python\Python312\Lib\asyncio\windows_events.py", line 466, in finish_socket_func
    raise ConnectionResetError(*exc.args)
ConnectionResetError: [WinError 64] Le nom réseau spécifié n’est plus disponible

The above exception was the direct cause of the following exception:

Traceback (most recent call last):
  File "c:\Users\loher\OneDrive\Bureau\COURS\2ieme\Réseaux\projet_chat\server.py", line 92, in handle_client
    async for raw in websocket:
  File "C:\Users\loher\OneDrive\Bureau\COURS\2ieme\Réseaux\projet_chat\.venv\Lib\site-packages\websockets\asyncio\connection.py", line 242, in __aiter__
    yield await self.recv()
          ^^^^^^^^^^^^^^^^^
  File "C:\Users\loher\OneDrive\Bureau\COURS\2ieme\Réseaux\projet_chat\.venv\Lib\site-packages\websockets\asyncio\connection.py", line 322, in recv
    raise self.protocol.close_exc from self.recv_exc
websockets.exceptions.ConnectionClosedError: no close frame received or sent
2025-12-10 20:34:31,553 - WARNING: Client disconnected.
2025-12-10 20:34:34,901 - DEBUG: < EOF
2025-12-10 20:34:34,901 - DEBUG: > EOF
2025-12-10 20:34:34,901 - DEBUG: < EOF
2025-12-10 20:34:34,901 - DEBUG: = connection is CLOSED
2025-12-10 20:34:34,903 - ERROR: Error handling client: no close frame received or sent
Traceback (most recent call last):
  File "C:\Users\loher\AppData\Local\Programs\Python\Python312\Lib\asyncio\windows_events.py", line 462, in finish_socket_func
    return ov.getresult()
           ^^^^^^^^^^^^^^
OSError: [WinError 64] Le nom réseau spécifié n’est plus disponible

During handling of the above exception, another exception occurred:

Traceback (most recent call last):
  File "C:\Users\loher\AppData\Local\Programs\Python\Python312\Lib\asyncio\proactor_events.py", line 286, in _loop_reading
    length = fut.result()
             ^^^^^^^^^^^^
  File "C:\Users\loher\AppData\Local\Programs\Python\Python312\Lib\asyncio\windows_events.py", line 803, in _poll
    value = callback(transferred, key, ov)
            ^^^^^^^^^^^^^^^^^^^^^^^^^^^^^^
  File "C:\Users\loher\AppData\Local\Programs\Python\Python312\Lib\asyncio\windows_events.py", line 466, in finish_socket_func
    raise ConnectionResetError(*exc.args)
ConnectionResetError: [WinError 64] Le nom réseau spécifié n’est plus disponible

The above exception was the direct cause of the following exception:

Traceback (most recent call last):
  File "c:\Users\loher\OneDrive\Bureau\COURS\2ieme\Réseaux\projet_chat\server.py", line 92, in handle_client
    async for raw in websocket:
  File "C:\Users\loher\OneDrive\Bureau\COURS\2ieme\Réseaux\projet_chat\.venv\Lib\site-packages\websockets\asyncio\connection.py", line 242, in __aiter__
    yield await self.recv()
          ^^^^^^^^^^^^^^^^^
  File "C:\Users\loher\OneDrive\Bureau\COURS\2ieme\Réseaux\projet_chat\.venv\Lib\site-packages\websockets\asyncio\connection.py", line 322, in recv
    raise self.protocol.close_exc from self.recv_exc
websockets.exceptions.ConnectionClosedError: no close frame received or sent
2025-12-10 20:34:34,903 - WARNING: Client disconnected.
